<?xml version="1.0" encoding="UTF-8"?>
<!-- Generated by org.testng.reporters.JUnitXMLReporter -->
<testsuite ignored="0" hostname="Rahuls-MacBook-Air.local" failures="0" tests="3" name="Surefire test" time="0.027" errors="0" timestamp="2024-01-10T21:17:34 CST">
  <testcase classname="mavenDmo.PriorityTestCase" name="registerAccount" time="0.002"/>
  <testcase classname="mavenDmo.PriorityTestCase" name="login" time="0.0"/>
  <testcase classname="mavenDmo.PriorityTestCase" name="sendEmail" time="0.0"/>
</testsuite> <!-- Surefire test -->
