<?xml version="1.0" encoding="UTF-8"?>
<testng-results ignored="0" total="3" passed="3" failed="0" skipped="0">
  <reporter-output>
  </reporter-output>
  <suite started-at="2024-01-10T21:17:34 CST" name="Surefire suite" finished-at="2024-01-10T21:17:34 CST" duration-ms="27">
    <groups>
    </groups>
    <test started-at="2024-01-10T21:17:34 CST" name="Surefire test" finished-at="2024-01-10T21:17:34 CST" duration-ms="27">
      <class name="mavenDmo.PriorityTestCase">
        <test-method signature="registerAccount()[pri:1, instance:mavenDmo.PriorityTestCase@67c2e933]" started-at="2024-01-10T21:17:34 CST" name="registerAccount" finished-at="2024-01-10T21:17:34 CST" duration-ms="2" status="PASS">
          <reporter-output>
          </reporter-output>
        </test-method> <!-- registerAccount -->
        <test-method signature="login()[pri:2, instance:mavenDmo.PriorityTestCase@67c2e933]" started-at="2024-01-10T21:17:34 CST" name="login" finished-at="2024-01-10T21:17:34 CST" duration-ms="0" status="PASS">
          <reporter-output>
          </reporter-output>
        </test-method> <!-- login -->
        <test-method signature="sendEmail()[pri:3, instance:mavenDmo.PriorityTestCase@67c2e933]" started-at="2024-01-10T21:17:34 CST" name="sendEmail" finished-at="2024-01-10T21:17:34 CST" duration-ms="0" status="PASS">
          <reporter-output>
          </reporter-output>
        </test-method> <!-- sendEmail -->
      </class> <!-- mavenDmo.PriorityTestCase -->
    </test> <!-- Surefire test -->
  </suite> <!-- Surefire suite -->
</testng-results>
