<?xml version="1.0" encoding="UTF-8"?>
<!-- Generated by org.testng.reporters.JUnitXMLReporter -->
<testsuite ignored="0" hostname="Rahuls-Air.attlocal.net" failures="1" tests="13" name="Test" time="22.901" errors="0" timestamp="2023-12-26T22:01:58 CST">
  <testcase classname="mavenDmo.PackageXML2" name="testMethod_3" time="0.005"/>
  <testcase classname="mavenDmo.PackageXML2" name="testMethod_4" time="0.002"/>
  <testcase classname="mavenDmo.PackageXML2" name="testMethod_5" time="0.001"/>
  <testcase classname="mavenDmo.PackageXML" name="testMethod_1" time="0.001"/>
  <testcase classname="mavenDmo.PackageXML" name="testMethod_2" time="0.002"/>
  <testcase classname="mavenDmo.LaunchingBrowser" name="tc1_launchGooglepage" time="1.586"/>
  <testcase classname="mavenDmo.LaunchingBrowser" name="tc2_launchlinkedinpage" time="3.697"/>
  <testcase classname="mavenDmo.LaunchingBrowser" name="tc3_launchlinkedinpage" time="0.001">
    <failure type="java.lang.ArithmeticException" message="/ by zero">
      <![CDATA[java.lang.ArithmeticException: / by zero
at mavenDmo.LaunchingBrowser.tc3_launchlinkedinpage(LaunchingBrowser.java:63)
at java.base/java.util.ArrayList.forEach(ArrayList.java:1541)
... Removed 27 stack frames]]>
    </failure>
  </testcase> <!-- tc3_launchlinkedinpage -->
  <testcase classname="mavenDmo.SafariDriverDemo" name="safaridriverLaunch" time="2.514"/>
  <testcase classname="mavenDmo.SafariDriverDemo" name="youtube" time="4.989"/>
  <testcase classname="mavenDmo.DataProveider" name="setData" time="0.007"/>
  <testcase classname="mavenDmo.DataProveider" name="setData" time="0.002"/>
  <testcase classname="mavenDmo.DataProveider" name="setData" time="0.001"/>
</testsuite> <!-- Test -->
